Copyright 1986-2022 Xilinx, Inc. All Rights Reserved. Copyright 2022-2025 Advanced Micro Devices, Inc. All Rights Reserved.
---------------------------------------------------------------------------------------------------------------------------------------------
| Tool Version : Vivado v.2025.2 (win64) Build 6299465 Fri Nov 14 19:35:11 GMT 2025
| Date         : Sat Jun 27 15:20:02 2026
| Host         : Pavle-Laptop-PC running 64-bit major release  (build 9200)
| Command      : report_control_sets -verbose -file system_wrapper_control_sets_placed.rpt
| Design       : system_wrapper
| Device       : xc7z020
---------------------------------------------------------------------------------------------------------------------------------------------

Control Set Information

Table of Contents
-----------------
1. Summary
2. Histogram
3. Flip-Flop Distribution
4. Detailed Control Set Information

1. Summary
----------

+----------------------------------------------------------+-------+
|                          Status                          | Count |
+----------------------------------------------------------+-------+
| Total control sets                                       |    85 |
|    Minimum number of control sets                        |    85 |
|    Addition due to synthesis replication                 |     0 |
|    Addition due to physical synthesis replication        |     0 |
| Unused register locations in slices containing registers |   341 |
+----------------------------------------------------------+-------+
* Control sets can be merged at opt_design using control_set_merge or merge_equivalent_drivers
** Run report_qor_suggestions for automated merging and remapping suggestions


2. Histogram
------------

+--------------------+-------+
|       Fanout       | Count |
+--------------------+-------+
| Total control sets |    85 |
| >= 0 to < 4        |     3 |
| >= 4 to < 6        |    12 |
| >= 6 to < 8        |     2 |
| >= 8 to < 10       |     2 |
| >= 10 to < 12      |    39 |
| >= 12 to < 14      |     5 |
| >= 14 to < 16      |     2 |
| >= 16              |    20 |
+--------------------+-------+
* Control sets can be remapped at either synth_design or opt_design


3. Flip-Flop Distribution
-------------------------

+--------------+-----------------------+------------------------+-----------------+--------------+
| Clock Enable | Synchronous Set/Reset | Asynchronous Set/Reset | Total Registers | Total Slices |
+--------------+-----------------------+------------------------+-----------------+--------------+
| No           | No                    | No                     |             168 |           55 |
| No           | No                    | Yes                    |               0 |            0 |
| No           | Yes                   | No                     |             176 |           56 |
| Yes          | No                    | No                     |             342 |           85 |
| Yes          | No                    | Yes                    |               0 |            0 |
| Yes          | Yes                   | No                     |             541 |          173 |
+--------------+-----------------------+------------------------+-----------------+--------------+


4. Detailed Control Set Information
-----------------------------------

+-----------------------------------------------+--------------------------------------------------------------------------------------------------------------------------------------------------------------+-----------------------------------------------------------------------------------------------------------------------------------------------------+------------------+----------------+--------------+
|                  Clock Signal                 |                                                                         Enable Signal                                                                        |                                                                   Set/Reset Signal                                                                  | Slice Load Count | Bel Load Count | Bels / Slice |
+-----------------------------------------------+--------------------------------------------------------------------------------------------------------------------------------------------------------------+-----------------------------------------------------------------------------------------------------------------------------------------------------+------------------+----------------+--------------+
|  system_i/processing_system7_0/inst/FCLK_CLK0 | system_i/ps7_0_axi_periph/s00_couplers/auto_pc/inst/gen_axilite.gen_b2s_conv.axilite_b2s/WR.aw_channel_0/aw_cmd_fsm_0/FSM_sequential_state_reg[0]_1          | system_i/ps7_0_axi_periph/s00_couplers/auto_pc/inst/gen_axilite.gen_b2s_conv.axilite_b2s/WR.aw_channel_0/aw_cmd_fsm_0/FSM_sequential_state_reg[0]_0 |                1 |              1 |         1.00 |
|  system_i/processing_system7_0/inst/FCLK_CLK0 | system_i/ps7_0_axi_periph/s00_couplers/auto_pc/inst/gen_axilite.gen_b2s_conv.axilite_b2s/WR.b_channel_0/bid_fifo_0/sel                                       |                                                                                                                                                     |                1 |              2 |         2.00 |
|  clk_IBUF_BUFG                                | system_i/morse_top_0/inst/sel                                                                                                                                |                                                                                                                                                     |                1 |              3 |         3.00 |
|  system_i/processing_system7_0/inst/FCLK_CLK0 |                                                                                                                                                              | system_i/rst_ps7_0_100M/U0/EXT_LPF/lpf_int                                                                                                          |                1 |              4 |         4.00 |
|  system_i/processing_system7_0/inst/FCLK_CLK0 |                                                                                                                                                              | system_i/axi_gpio_0/U0/AXI_LITE_IPIF_I/I_SLAVE_ATTACHMENT/clear                                                                                     |                1 |              4 |         4.00 |
|  system_i/processing_system7_0/inst/FCLK_CLK0 |                                                                                                                                                              | system_i/ps7_0_axi_periph/s00_couplers/auto_pc/inst/gen_axilite.gen_b2s_conv.axilite_b2s/SI_REG/aw.aw_pipe/aresetn_d_reg[1]_inv_0                   |                1 |              4 |         4.00 |
|  system_i/processing_system7_0/inst/FCLK_CLK0 |                                                                                                                                                              | system_i/ps7_0_axi_periph/s00_couplers/auto_pc/inst/gen_axilite.gen_b2s_conv.axilite_b2s/SI_REG/aw.aw_pipe/aresetn_d_reg[0]_0                       |                1 |              4 |         4.00 |
|  system_i/processing_system7_0/inst/FCLK_CLK0 | system_i/axi_gpio_0/U0/AXI_LITE_IPIF_I/I_SLAVE_ATTACHMENT/bus2ip_addr_i[8]_i_1_n_0                                                                           | system_i/axi_gpio_0/U0/AXI_LITE_IPIF_I/I_SLAVE_ATTACHMENT/SR[0]                                                                                     |                1 |              4 |         4.00 |
|  system_i/processing_system7_0/inst/FCLK_CLK0 | system_i/axi_gpio_0/U0/AXI_LITE_IPIF_I/I_SLAVE_ATTACHMENT/start2                                                                                             | system_i/axi_gpio_0/U0/AXI_LITE_IPIF_I/I_SLAVE_ATTACHMENT/I_DECODER/cs_ce_clr                                                                       |                2 |              4 |         2.00 |
|  system_i/processing_system7_0/inst/FCLK_CLK0 | system_i/ps7_0_axi_periph/s00_couplers/auto_pc/inst/gen_axilite.gen_b2s_conv.axilite_b2s/RD.ar_channel_0/ar_cmd_fsm_0/m_axi_arready_2                        | system_i/ps7_0_axi_periph/s00_couplers/auto_pc/inst/gen_axilite.gen_b2s_conv.axilite_b2s/RD.ar_channel_0/ar_cmd_fsm_0/FSM_sequential_state_reg[1]_0 |                1 |              4 |         4.00 |
|  clk_IBUF_BUFG                                | system_i/morse_top_0/inst/u_fsm/count_reg[0]_i_2_n_0                                                                                                         | system_i/morse_top_0/inst/u_fsm/count_reg[0]_i_1_n_0                                                                                                |                2 |              4 |         2.00 |
|  clk_IBUF_BUFG                                | system_i/morse_top_0/inst/u_echo/symbol_idx[3]_i_1_n_0                                                                                                       | system_i/morse_top_0/inst/rst                                                                                                                       |                1 |              4 |         4.00 |
|  system_i/processing_system7_0/inst/FCLK_CLK0 | system_i/ps7_0_axi_periph/s00_couplers/auto_pc/inst/gen_axilite.gen_b2s_conv.axilite_b2s/RD.r_channel_0/rd_data_fifo_0/cnt_read[4]_i_1__0_n_0                | system_i/ps7_0_axi_periph/s00_couplers/auto_pc/inst/gen_axilite.gen_b2s_conv.axilite_b2s/areset_d1                                                  |                2 |              5 |         2.50 |
|  system_i/processing_system7_0/inst/FCLK_CLK0 | system_i/ps7_0_axi_periph/s00_couplers/auto_pc/inst/gen_axilite.gen_b2s_conv.axilite_b2s/RD.r_channel_0/transaction_fifo_0/cnt_read[4]_i_1_n_0               | system_i/ps7_0_axi_periph/s00_couplers/auto_pc/inst/gen_axilite.gen_b2s_conv.axilite_b2s/areset_d1                                                  |                2 |              5 |         2.50 |
|  clk_IBUF_BUFG                                | system_i/morse_top_0/inst/u_replay/read_idx[4]_i_1_n_0                                                                                                       | system_i/morse_top_0/inst/rst                                                                                                                       |                1 |              5 |         5.00 |
|  system_i/processing_system7_0/inst/FCLK_CLK0 | system_i/rst_ps7_0_100M/U0/SEQ/seq_cnt_en                                                                                                                    | system_i/rst_ps7_0_100M/U0/SEQ/SEQ_COUNTER/clear                                                                                                    |                1 |              6 |         6.00 |
|  clk_IBUF_BUFG                                | system_i/morse_top_0/inst/u_replay/E[0]                                                                                                                      | system_i/morse_top_0/inst/rst                                                                                                                       |                5 |              7 |         1.40 |
|  system_i/processing_system7_0/inst/FCLK_CLK0 | system_i/ps7_0_axi_periph/s00_couplers/auto_pc/inst/gen_axilite.gen_b2s_conv.axilite_b2s/WR.b_channel_0/mhandshake_r                                         | system_i/ps7_0_axi_periph/s00_couplers/auto_pc/inst/gen_axilite.gen_b2s_conv.axilite_b2s/WR.b_channel_0/bid_fifo_0/SR[0]                            |                3 |              8 |         2.67 |
|  system_i/processing_system7_0/inst/FCLK_CLK0 | system_i/axi_gpio_0/U0/AXI_LITE_IPIF_I/I_SLAVE_ATTACHMENT/I_DECODER/E[0]                                                                                     | system_i/axi_gpio_0/U0/AXI_LITE_IPIF_I/I_SLAVE_ATTACHMENT/SR[0]                                                                                     |                2 |              9 |         4.50 |
|  system_i/processing_system7_0/inst/FCLK_CLK0 |                                                                                                                                                              | system_i/ps7_0_axi_periph/s00_couplers/auto_pc/inst/gen_axilite.gen_b2s_conv.axilite_b2s/areset_d1                                                  |                4 |             10 |         2.50 |
|  system_i/processing_system7_0/inst/FCLK_CLK0 |                                                                                                                                                              | system_i/axi_gpio_0/U0/AXI_LITE_IPIF_I/I_SLAVE_ATTACHMENT/I_DECODER/bus2ip_rnw_i_reg                                                                |                3 |             10 |         3.33 |
|  clk_IBUF_BUFG                                | system_i/morse_top_0/inst/u_fsm/echo_symbols[5]_i_1_n_0                                                                                                      | system_i/morse_top_0/inst/rst                                                                                                                       |                3 |             10 |         3.33 |
|  system_i/processing_system7_0/inst/FCLK_CLK0 | system_i/axi_gpio_0/U0/AXI_LITE_IPIF_I/I_SLAVE_ATTACHMENT/s_axi_rresp_i[0]                                                                                   | system_i/axi_gpio_0/U0/AXI_LITE_IPIF_I/I_SLAVE_ATTACHMENT/SR[0]                                                                                     |                2 |             10 |         5.00 |
|  clk_IBUF_BUFG                                | system_i/morse_top_0/inst/u_buffer/mem_symbols[22][5]_i_1_n_0                                                                                                | system_i/morse_top_0/inst/rst                                                                                                                       |                3 |             11 |         3.67 |
|  clk_IBUF_BUFG                                | system_i/morse_top_0/inst/u_buffer/mem_symbols[27][5]_i_1_n_0                                                                                                | system_i/morse_top_0/inst/rst                                                                                                                       |                3 |             11 |         3.67 |
|  clk_IBUF_BUFG                                | system_i/morse_top_0/inst/u_buffer/mem_symbols[28][5]_i_1_n_0                                                                                                | system_i/morse_top_0/inst/rst                                                                                                                       |                3 |             11 |         3.67 |
|  clk_IBUF_BUFG                                | system_i/morse_top_0/inst/u_buffer/mem_symbols[14][5]_i_1_n_0                                                                                                | system_i/morse_top_0/inst/rst                                                                                                                       |                4 |             11 |         2.75 |
|  clk_IBUF_BUFG                                | system_i/morse_top_0/inst/u_buffer/mem_symbols[1][5]_i_1_n_0                                                                                                 | system_i/morse_top_0/inst/rst                                                                                                                       |                2 |             11 |         5.50 |
|  clk_IBUF_BUFG                                | system_i/morse_top_0/inst/u_buffer/mem_symbols[6][5]_i_1_n_0                                                                                                 | system_i/morse_top_0/inst/rst                                                                                                                       |                5 |             11 |         2.20 |
|  clk_IBUF_BUFG                                | system_i/morse_top_0/inst/u_buffer/mem_symbols[23][5]_i_1_n_0                                                                                                | system_i/morse_top_0/inst/rst                                                                                                                       |                2 |             11 |         5.50 |
|  clk_IBUF_BUFG                                | system_i/morse_top_0/inst/u_buffer/mem_symbols[24][5]_i_1_n_0                                                                                                | system_i/morse_top_0/inst/rst                                                                                                                       |                3 |             11 |         3.67 |
|  clk_IBUF_BUFG                                | system_i/morse_top_0/inst/u_buffer/mem_symbols[25][5]_i_1_n_0                                                                                                | system_i/morse_top_0/inst/rst                                                                                                                       |                2 |             11 |         5.50 |
|  clk_IBUF_BUFG                                | system_i/morse_top_0/inst/u_buffer/mem_symbols[30][5]_i_1_n_0                                                                                                | system_i/morse_top_0/inst/rst                                                                                                                       |                6 |             11 |         1.83 |
|  clk_IBUF_BUFG                                | system_i/morse_top_0/inst/u_buffer/mem_symbols[4][5]_i_1_n_0                                                                                                 | system_i/morse_top_0/inst/rst                                                                                                                       |                2 |             11 |         5.50 |
|  clk_IBUF_BUFG                                | system_i/morse_top_0/inst/u_buffer/mem_symbols[8][5]_i_1_n_0                                                                                                 | system_i/morse_top_0/inst/rst                                                                                                                       |                4 |             11 |         2.75 |
|  clk_IBUF_BUFG                                | system_i/morse_top_0/inst/u_buffer/mem_symbols[9][5]_i_1_n_0                                                                                                 | system_i/morse_top_0/inst/rst                                                                                                                       |                8 |             11 |         1.38 |
|  clk_IBUF_BUFG                                | system_i/morse_top_0/inst/u_buffer/mem_symbols[7][5]_i_1_n_0                                                                                                 | system_i/morse_top_0/inst/rst                                                                                                                       |                5 |             11 |         2.20 |
|  clk_IBUF_BUFG                                | system_i/morse_top_0/inst/u_buffer/mem_symbols[15][5]_i_1_n_0                                                                                                | system_i/morse_top_0/inst/rst                                                                                                                       |                2 |             11 |         5.50 |
|  clk_IBUF_BUFG                                | system_i/morse_top_0/inst/u_buffer/mem_symbols[3][5]_i_1_n_0                                                                                                 | system_i/morse_top_0/inst/rst                                                                                                                       |                4 |             11 |         2.75 |
|  clk_IBUF_BUFG                                | system_i/morse_top_0/inst/u_buffer/mem_symbols[0]                                                                                                            | system_i/morse_top_0/inst/rst                                                                                                                       |                2 |             11 |         5.50 |
|  clk_IBUF_BUFG                                | system_i/morse_top_0/inst/u_buffer/mem_symbols[5][5]_i_1_n_0                                                                                                 | system_i/morse_top_0/inst/rst                                                                                                                       |                3 |             11 |         3.67 |
|  clk_IBUF_BUFG                                |                                                                                                                                                              |                                                                                                                                                     |                6 |             11 |         1.83 |
|  clk_IBUF_BUFG                                | system_i/morse_top_0/inst/u_buffer/mem_symbols[21][5]_i_1_n_0                                                                                                | system_i/morse_top_0/inst/rst                                                                                                                       |                2 |             11 |         5.50 |
|  clk_IBUF_BUFG                                | system_i/morse_top_0/inst/u_echo/symbols_latched[5]_i_1_n_0                                                                                                  | system_i/morse_top_0/inst/rst                                                                                                                       |                5 |             11 |         2.20 |
|  clk_IBUF_BUFG                                | system_i/morse_top_0/inst/u_fsm/E[0]                                                                                                                         | system_i/morse_top_0/inst/u_fsm/SR[0]                                                                                                               |                4 |             11 |         2.75 |
|  clk_IBUF_BUFG                                | system_i/morse_top_0/inst/u_buffer/mem_symbols[11][5]_i_1_n_0                                                                                                | system_i/morse_top_0/inst/rst                                                                                                                       |                2 |             11 |         5.50 |
|  clk_IBUF_BUFG                                | system_i/morse_top_0/inst/u_buffer/mem_symbols[12][5]_i_1_n_0                                                                                                | system_i/morse_top_0/inst/rst                                                                                                                       |                4 |             11 |         2.75 |
|  clk_IBUF_BUFG                                | system_i/morse_top_0/inst/u_buffer/mem_symbols[13][5]_i_1_n_0                                                                                                | system_i/morse_top_0/inst/rst                                                                                                                       |                4 |             11 |         2.75 |
|  clk_IBUF_BUFG                                | system_i/morse_top_0/inst/u_buffer/mem_symbols[10][5]_i_1_n_0                                                                                                | system_i/morse_top_0/inst/rst                                                                                                                       |                2 |             11 |         5.50 |
|  clk_IBUF_BUFG                                | system_i/morse_top_0/inst/u_buffer/mem_symbols[16][5]_i_1_n_0                                                                                                | system_i/morse_top_0/inst/rst                                                                                                                       |                4 |             11 |         2.75 |
|  clk_IBUF_BUFG                                | system_i/morse_top_0/inst/u_buffer/mem_symbols[19][5]_i_1_n_0                                                                                                | system_i/morse_top_0/inst/rst                                                                                                                       |                2 |             11 |         5.50 |
|  clk_IBUF_BUFG                                | system_i/morse_top_0/inst/u_buffer/mem_symbols[18][5]_i_1_n_0                                                                                                | system_i/morse_top_0/inst/rst                                                                                                                       |                2 |             11 |         5.50 |
|  clk_IBUF_BUFG                                | system_i/morse_top_0/inst/u_buffer/mem_symbols[20][5]_i_1_n_0                                                                                                | system_i/morse_top_0/inst/rst                                                                                                                       |                5 |             11 |         2.20 |
|  clk_IBUF_BUFG                                | system_i/morse_top_0/inst/u_buffer/mem_symbols[26][5]_i_1_n_0                                                                                                | system_i/morse_top_0/inst/rst                                                                                                                       |                2 |             11 |         5.50 |
|  clk_IBUF_BUFG                                | system_i/morse_top_0/inst/u_buffer/mem_symbols[31][5]_i_1_n_0                                                                                                | system_i/morse_top_0/inst/rst                                                                                                                       |                8 |             11 |         1.38 |
|  clk_IBUF_BUFG                                | system_i/morse_top_0/inst/u_buffer/mem_symbols[2][5]_i_1_n_0                                                                                                 | system_i/morse_top_0/inst/rst                                                                                                                       |                5 |             11 |         2.20 |
|  clk_IBUF_BUFG                                | system_i/morse_top_0/inst/u_buffer/mem_symbols[17][5]_i_1_n_0                                                                                                | system_i/morse_top_0/inst/rst                                                                                                                       |                3 |             11 |         3.67 |
|  clk_IBUF_BUFG                                | system_i/morse_top_0/inst/u_buffer/mem_symbols[29][5]_i_1_n_0                                                                                                | system_i/morse_top_0/inst/rst                                                                                                                       |                5 |             11 |         2.20 |
|  system_i/processing_system7_0/inst/FCLK_CLK0 | system_i/ps7_0_axi_periph/s00_couplers/auto_pc/inst/gen_axilite.gen_b2s_conv.axilite_b2s/RD.ar_channel_0/ar_cmd_fsm_0/E[0]                                   |                                                                                                                                                     |                5 |             12 |         2.40 |
|  system_i/processing_system7_0/inst/FCLK_CLK0 | system_i/ps7_0_axi_periph/s00_couplers/auto_pc/inst/gen_axilite.gen_b2s_conv.axilite_b2s/WR.aw_channel_0/cmd_translator_0/incr_cmd_0/axaddr_incr[11]_i_1_n_0 |                                                                                                                                                     |                3 |             12 |         4.00 |
|  system_i/processing_system7_0/inst/FCLK_CLK0 | system_i/ps7_0_axi_periph/s00_couplers/auto_pc/inst/gen_axilite.gen_b2s_conv.axilite_b2s/WR.aw_channel_0/aw_cmd_fsm_0/m_valid_i_reg[0]                       |                                                                                                                                                     |                6 |             12 |         2.00 |
|  system_i/processing_system7_0/inst/FCLK_CLK0 | system_i/ps7_0_axi_periph/s00_couplers/auto_pc/inst/gen_axilite.gen_b2s_conv.axilite_b2s/RD.ar_channel_0/ar_cmd_fsm_0/sel_first_reg[0]                       |                                                                                                                                                     |                3 |             12 |         4.00 |
|  system_i/processing_system7_0/inst/FCLK_CLK0 | system_i/ps7_0_axi_periph/s00_couplers/auto_pc/inst/gen_axilite.gen_b2s_conv.axilite_b2s/RD.r_channel_0/r_push_r                                             |                                                                                                                                                     |                4 |             13 |         3.25 |
|  system_i/processing_system7_0/inst/FCLK_CLK0 | system_i/ps7_0_axi_periph/s00_couplers/auto_pc/inst/gen_axilite.gen_b2s_conv.axilite_b2s/SI_REG/b.b_pipe/p_1_in                                              |                                                                                                                                                     |                2 |             14 |         7.00 |
|  system_i/processing_system7_0/inst/FCLK_CLK0 | system_i/ps7_0_axi_periph/s00_couplers/auto_pc/inst/gen_axilite.gen_b2s_conv.axilite_b2s/SI_REG/b.b_pipe/s_ready_i_reg_0                                     |                                                                                                                                                     |                3 |             14 |         4.67 |
|  system_i/processing_system7_0/inst/FCLK_CLK0 | system_i/ps7_0_axi_periph/s00_couplers/auto_pc/inst/gen_axilite.gen_b2s_conv.axilite_b2s/WR.aw_channel_0/aw_cmd_fsm_0/m_axi_awready_0                        |                                                                                                                                                     |                3 |             16 |         5.33 |
|  clk_IBUF_BUFG                                |                                                                                                                                                              | system_i/morse_top_0/inst/u_db_dot/counter[0]_i_1_n_0                                                                                               |                5 |             20 |         4.00 |
|  clk_IBUF_BUFG                                |                                                                                                                                                              | system_i/morse_top_0/inst/u_db_dash/counter[0]_i_1__0_n_0                                                                                           |                5 |             20 |         4.00 |
|  clk_IBUF_BUFG                                |                                                                                                                                                              | system_i/morse_top_0/inst/u_db_reset/counter[0]_i_1__1_n_0                                                                                          |                5 |             20 |         4.00 |
|  clk_IBUF_BUFG                                |                                                                                                                                                              | system_i/morse_top_0/inst/u_db_enter/counter[0]_i_1__2_n_0                                                                                          |                5 |             20 |         4.00 |
|  system_i/processing_system7_0/inst/FCLK_CLK0 | system_i/ps7_0_axi_periph/s00_couplers/auto_pc/inst/gen_axilite.gen_b2s_conv.axilite_b2s/RD.ar_channel_0/ar_cmd_fsm_0/m_axi_arready_2                        |                                                                                                                                                     |                9 |             21 |         2.33 |
|  system_i/processing_system7_0/inst/FCLK_CLK0 | system_i/ps7_0_axi_periph/s00_couplers/auto_pc/inst/gen_axilite.gen_b2s_conv.axilite_b2s/WR.aw_channel_0/aw_cmd_fsm_0/FSM_sequential_state_reg[0]_1          |                                                                                                                                                     |                9 |             24 |         2.67 |
|  system_i/processing_system7_0/inst/FCLK_CLK0 |                                                                                                                                                              | system_i/axi_gpio_0/U0/AXI_LITE_IPIF_I/I_SLAVE_ATTACHMENT/SR[0]                                                                                     |                8 |             26 |         3.25 |
|  clk_IBUF_BUFG                                | system_i/morse_top_0/inst/u_replay/gap_cnt[0]                                                                                                                | system_i/morse_top_0/inst/rst                                                                                                                       |                6 |             26 |         4.33 |
|  clk_IBUF_BUFG                                | system_i/morse_top_0/inst/u_echo/timer_cnt[26]_i_1_n_0                                                                                                       | system_i/morse_top_0/inst/rst                                                                                                                       |                9 |             27 |         3.00 |
|  clk_IBUF_BUFG                                | system_i/morse_top_0/inst/u_long_press/sel                                                                                                                   | system_i/morse_top_0/inst/u_db_enter/rst_reg                                                                                                        |                7 |             28 |         4.00 |
|  system_i/processing_system7_0/inst/FCLK_CLK0 | system_i/ps7_0_axi_periph/s00_couplers/auto_pc/inst/gen_axilite.gen_b2s_conv.axilite_b2s/RD.ar_channel_0/ar_cmd_fsm_0/m_valid_i_reg[0]                       |                                                                                                                                                     |                7 |             32 |         4.57 |
|  system_i/processing_system7_0/inst/FCLK_CLK0 | system_i/ps7_0_axi_periph/s00_couplers/auto_pc/inst/gen_axilite.gen_b2s_conv.axilite_b2s/RD.r_channel_0/rd_data_fifo_0/wr_en0                                |                                                                                                                                                     |                9 |             32 |         3.56 |
|  system_i/processing_system7_0/inst/FCLK_CLK0 | system_i/ps7_0_axi_periph/s00_couplers/auto_pc/inst/gen_axilite.gen_b2s_conv.axilite_b2s/SI_REG/ar.ar_pipe/s_ready_i_reg_0                                   |                                                                                                                                                     |                7 |             32 |         4.57 |
|  system_i/processing_system7_0/inst/FCLK_CLK0 | system_i/ps7_0_axi_periph/s00_couplers/auto_pc/inst/gen_axilite.gen_b2s_conv.axilite_b2s/SI_REG/aw.aw_pipe/s_ready_i_reg_0                                   |                                                                                                                                                     |                6 |             32 |         5.33 |
|  system_i/processing_system7_0/inst/FCLK_CLK0 | system_i/ps7_0_axi_periph/s00_couplers/auto_pc/inst/gen_axilite.gen_b2s_conv.axilite_b2s/WR.aw_channel_0/aw_cmd_fsm_0/E[0]                                   |                                                                                                                                                     |                5 |             32 |         6.40 |
|  clk_IBUF_BUFG                                |                                                                                                                                                              | system_i/morse_top_0/inst/rst                                                                                                                       |               17 |             34 |         2.00 |
|  system_i/processing_system7_0/inst/FCLK_CLK0 | system_i/ps7_0_axi_periph/s00_couplers/auto_pc/inst/gen_axilite.gen_b2s_conv.axilite_b2s/SI_REG/r.r_pipe/p_1_in                                              |                                                                                                                                                     |                9 |             45 |         5.00 |
|  system_i/processing_system7_0/inst/FCLK_CLK0 | system_i/ps7_0_axi_periph/s00_couplers/auto_pc/inst/gen_axilite.gen_b2s_conv.axilite_b2s/SI_REG/r.r_pipe/s_ready_i_reg_0                                     |                                                                                                                                                     |               10 |             45 |         4.50 |
|  system_i/processing_system7_0/inst/FCLK_CLK0 |                                                                                                                                                              |                                                                                                                                                     |               50 |            158 |         3.16 |
+-----------------------------------------------+--------------------------------------------------------------------------------------------------------------------------------------------------------------+-----------------------------------------------------------------------------------------------------------------------------------------------------+------------------+----------------+--------------+


